GowinSynthesis start
Running parser ...
Analyzing Verilog file 'C:\Users\furka\Desktop\sifrelemeSistemi\src\verilog.v'
Compiling module 'sifrelemeSistemi'("C:\Users\furka\Desktop\sifrelemeSistemi\src\verilog.v":1)
WARN  (EX3791) : Expression size 5 truncated to fit in target size 4("C:\Users\furka\Desktop\sifrelemeSistemi\src\verilog.v":57)
WARN  (EX3791) : Expression size 5 truncated to fit in target size 4("C:\Users\furka\Desktop\sifrelemeSistemi\src\verilog.v":61)
WARN  (EX3791) : Expression size 5 truncated to fit in target size 4("C:\Users\furka\Desktop\sifrelemeSistemi\src\verilog.v":65)
WARN  (EX3791) : Expression size 5 truncated to fit in target size 4("C:\Users\furka\Desktop\sifrelemeSistemi\src\verilog.v":69)
WARN  (EX3791) : Expression size 5 truncated to fit in target size 4("C:\Users\furka\Desktop\sifrelemeSistemi\src\verilog.v":73)
WARN  (EX3791) : Expression size 5 truncated to fit in target size 4("C:\Users\furka\Desktop\sifrelemeSistemi\src\verilog.v":87)
WARN  (EX3791) : Expression size 5 truncated to fit in target size 4("C:\Users\furka\Desktop\sifrelemeSistemi\src\verilog.v":91)
WARN  (EX3791) : Expression size 5 truncated to fit in target size 4("C:\Users\furka\Desktop\sifrelemeSistemi\src\verilog.v":95)
WARN  (EX3791) : Expression size 5 truncated to fit in target size 4("C:\Users\furka\Desktop\sifrelemeSistemi\src\verilog.v":99)
WARN  (EX3791) : Expression size 5 truncated to fit in target size 4("C:\Users\furka\Desktop\sifrelemeSistemi\src\verilog.v":103)
WARN  (EX3791) : Expression size 5 truncated to fit in target size 4("C:\Users\furka\Desktop\sifrelemeSistemi\src\verilog.v":125)
WARN  (EX3791) : Expression size 5 truncated to fit in target size 4("C:\Users\furka\Desktop\sifrelemeSistemi\src\verilog.v":129)
WARN  (EX3791) : Expression size 5 truncated to fit in target size 4("C:\Users\furka\Desktop\sifrelemeSistemi\src\verilog.v":133)
WARN  (EX3791) : Expression size 5 truncated to fit in target size 4("C:\Users\furka\Desktop\sifrelemeSistemi\src\verilog.v":137)
WARN  (EX3791) : Expression size 5 truncated to fit in target size 4("C:\Users\furka\Desktop\sifrelemeSistemi\src\verilog.v":141)
WARN  (EX3791) : Expression size 5 truncated to fit in target size 4("C:\Users\furka\Desktop\sifrelemeSistemi\src\verilog.v":155)
WARN  (EX3791) : Expression size 5 truncated to fit in target size 4("C:\Users\furka\Desktop\sifrelemeSistemi\src\verilog.v":159)
WARN  (EX3791) : Expression size 5 truncated to fit in target size 4("C:\Users\furka\Desktop\sifrelemeSistemi\src\verilog.v":163)
WARN  (EX3791) : Expression size 5 truncated to fit in target size 4("C:\Users\furka\Desktop\sifrelemeSistemi\src\verilog.v":167)
WARN  (EX3791) : Expression size 5 truncated to fit in target size 4("C:\Users\furka\Desktop\sifrelemeSistemi\src\verilog.v":171)
NOTE  (EX0101) : Current top module is "sifrelemeSistemi"
[5%] Running netlist conversion ...
Running device independent optimization ...
[10%] Optimizing Phase 0 completed
[15%] Optimizing Phase 1 completed
[25%] Optimizing Phase 2 completed
Running inference ...
[30%] Inferring Phase 0 completed
[40%] Inferring Phase 1 completed
[50%] Inferring Phase 2 completed
[55%] Inferring Phase 3 completed
Running technical mapping ...
[60%] Tech-Mapping Phase 0 completed
[65%] Tech-Mapping Phase 1 completed
[75%] Tech-Mapping Phase 2 completed
[80%] Tech-Mapping Phase 3 completed
[90%] Tech-Mapping Phase 4 completed
[95%] Generate netlist file "C:\Users\furka\Desktop\sifrelemeSistemi\impl\gwsynthesis\sifrelemeSistemi.vg" completed
[100%] Generate report file "C:\Users\furka\Desktop\sifrelemeSistemi\impl\gwsynthesis\sifrelemeSistemi_syn.rpt.html" completed
GowinSynthesis finish
